<?xml version="1.0" encoding="UTF-8"?>
<!-- Generated by org.testng.reporters.JUnitReportReporter -->
<testsuite hostname="DESKTOP-8GNLLIH" failures="0" tests="1" name="testCases.TC008_EndToEndTestOnOpenCart" time="10.894" errors="0" timestamp="2024-10-06T18:55:48 IST" skipped="0">
  <testcase classname="testCases.TC008_EndToEndTestOnOpenCart" name="endToEnd" time="10.894"/>
</testsuite> <!-- testCases.TC008_EndToEndTestOnOpenCart -->
