<?xml version="1.0" encoding="UTF-8"?>
<!-- Generated by org.testng.reporters.JUnitReportReporter -->
<testsuite hostname="DESKTOP-8GNLLIH" failures="0" tests="1" name="testCases.TC007_OrderingTheProduct" time="5.087" errors="0" timestamp="2024-10-10T16:48:13 IST" skipped="0">
  <testcase classname="testCases.TC007_OrderingTheProduct" name="orederingTheProduct" time="5.087"/>
</testsuite> <!-- testCases.TC007_OrderingTheProduct -->
