<?xml version="1.0" encoding="UTF-8"?>
<!-- Generated by org.testng.reporters.JUnitReportReporter -->
<testsuite hostname="DESKTOP-8GNLLIH" failures="0" tests="1" name="testCases.TC001_AccountRegistrationTest" time="2.634" errors="0" timestamp="2024-10-04T14:13:42 IST" skipped="0">
  <testcase classname="testCases.TC001_AccountRegistrationTest" name="verifyAccountRegistration" time="2.634"/>
</testsuite> <!-- testCases.TC001_AccountRegistrationTest -->
