<?xml version="1.0" encoding="UTF-8"?>
<!-- Generated by org.testng.reporters.JUnitReportReporter -->
<testsuite hostname="DESKTOP-8GNLLIH" failures="0" tests="1" name="testCases.TC006_ShippingEstimation" time="3.853" errors="0" timestamp="2024-10-10T16:48:13 IST" skipped="0">
  <testcase classname="testCases.TC006_ShippingEstimation" name="applyingTheShippingEstimation" time="3.853"/>
</testsuite> <!-- testCases.TC006_ShippingEstimation -->
