<?xml version="1.0" encoding="UTF-8"?>
<!-- Generated by org.testng.reporters.JUnitReportReporter -->
<testsuite hostname="DESKTOP-8GNLLIH" failures="0" tests="1" name="testCases.TC001_AccountRegistrationTest" time="4.174" errors="0" timestamp="2024-10-04T16:35:11 IST" skipped="0">
  <testcase classname="testCases.TC001_AccountRegistrationTest" name="verifyAccountRegistration" time="4.174"/>
</testsuite> <!-- testCases.TC001_AccountRegistrationTest -->
