<?xml version="1.0" encoding="UTF-8"?>
<!-- Generated by org.testng.reporters.JUnitReportReporter -->
<testsuite hostname="DESKTOP-8GNLLIH" failures="0" tests="1" name="testCases.TC004_AddProductToWishList" time="2.583" errors="0" timestamp="2024-10-04T16:35:11 IST" skipped="0">
  <testcase classname="testCases.TC004_AddProductToWishList" name="addToWishList" time="2.583"/>
</testsuite> <!-- testCases.TC004_AddProductToWishList -->
