<?xml version="1.0" encoding="UTF-8"?>
<!-- Generated by org.testng.reporters.JUnitReportReporter -->
<testsuite hostname="DESKTOP-8GNLLIH" failures="0" tests="1" name="testCases.TC005_AddProductToCart" time="2.621" errors="0" timestamp="2024-10-05T13:28:27 IST" skipped="0">
  <testcase classname="testCases.TC005_AddProductToCart" name="addToWishList" time="2.621"/>
</testsuite> <!-- testCases.TC005_AddProductToCart -->
